c:\users\ysq13\onedrive - seneca\cpa_semester_3\oop345\tetris\debug\vc142.pdb
c:\users\ysq13\onedrive - seneca\cpa_semester_3\oop345\tetris\debug\vc142.idb
c:\users\ysq13\onedrive - seneca\cpa_semester_3\oop345\tetris\debug\stack.obj
c:\users\ysq13\onedrive - seneca\cpa_semester_3\oop345\tetris\debug\piece.obj
c:\users\ysq13\onedrive - seneca\cpa_semester_3\oop345\tetris\debug\matrix.obj
c:\users\ysq13\onedrive - seneca\cpa_semester_3\oop345\tetris\debug\engine.obj
c:\users\ysq13\onedrive - seneca\cpa_semester_3\oop345\tetris\debug\app.obj
c:\users\ysq13\onedrive - seneca\cpa_semester_3\oop345\tetris\debug\tetris.res
c:\users\ysq13\onedrive - seneca\cpa_semester_3\oop345\tetris\debug\tetris.pdb
c:\users\ysq13\onedrive - seneca\cpa_semester_3\oop345\tetris\debug\tetris.tlog\cl.command.1.tlog
c:\users\ysq13\onedrive - seneca\cpa_semester_3\oop345\tetris\debug\tetris.tlog\cl.read.1.tlog
c:\users\ysq13\onedrive - seneca\cpa_semester_3\oop345\tetris\debug\tetris.tlog\cl.write.1.tlog
c:\users\ysq13\onedrive - seneca\cpa_semester_3\oop345\tetris\debug\tetris.tlog\link-cvtres.read.1.tlog
c:\users\ysq13\onedrive - seneca\cpa_semester_3\oop345\tetris\debug\tetris.tlog\link-cvtres.write.1.tlog
c:\users\ysq13\onedrive - seneca\cpa_semester_3\oop345\tetris\debug\tetris.tlog\link-rc.read.1.tlog
c:\users\ysq13\onedrive - seneca\cpa_semester_3\oop345\tetris\debug\tetris.tlog\link-rc.write.1.tlog
c:\users\ysq13\onedrive - seneca\cpa_semester_3\oop345\tetris\debug\tetris.tlog\link.command.1.tlog
c:\users\ysq13\onedrive - seneca\cpa_semester_3\oop345\tetris\debug\tetris.tlog\link.read.1.tlog
c:\users\ysq13\onedrive - seneca\cpa_semester_3\oop345\tetris\debug\tetris.tlog\link.write.1.tlog
c:\users\ysq13\onedrive - seneca\cpa_semester_3\oop345\tetris\debug\tetris.tlog\rc.command.1.tlog
c:\users\ysq13\onedrive - seneca\cpa_semester_3\oop345\tetris\debug\tetris.tlog\rc.read.1.tlog
c:\users\ysq13\onedrive - seneca\cpa_semester_3\oop345\tetris\debug\tetris.tlog\rc.write.1.tlog
